[2025-03-29T18:19:47.259+0000] {processor.py:186} INFO - Started process (PID=11654) to work on /opt/airflow/dags/etl-processing.py
[2025-03-29T18:19:47.260+0000] {processor.py:914} INFO - Processing file /opt/airflow/dags/etl-processing.py for tasks to queue
[2025-03-29T18:19:47.262+0000] {logging_mixin.py:190} INFO - [2025-03-29T18:19:47.262+0000] {dagbag.py:588} INFO - Filling up the DagBag from /opt/airflow/dags/etl-processing.py
[2025-03-29T18:19:47.337+0000] {processor.py:925} INFO - DAG(s) 'data_ingestion_dag' retrieved from /opt/airflow/dags/etl-processing.py
[2025-03-29T18:19:47.445+0000] {logging_mixin.py:190} INFO - [2025-03-29T18:19:47.444+0000] {override.py:1912} INFO - Created Permission View: can read on DAG:data_ingestion_dag
[2025-03-29T18:19:47.456+0000] {logging_mixin.py:190} INFO - [2025-03-29T18:19:47.456+0000] {override.py:1912} INFO - Created Permission View: can delete on DAG:data_ingestion_dag
[2025-03-29T18:19:47.467+0000] {logging_mixin.py:190} INFO - [2025-03-29T18:19:47.466+0000] {override.py:1912} INFO - Created Permission View: can edit on DAG:data_ingestion_dag
[2025-03-29T18:19:47.480+0000] {logging_mixin.py:190} INFO - [2025-03-29T18:19:47.479+0000] {override.py:1912} INFO - Created Permission View: menu access on DAG Run:data_ingestion_dag
[2025-03-29T18:19:47.486+0000] {logging_mixin.py:190} INFO - [2025-03-29T18:19:47.486+0000] {override.py:1912} INFO - Created Permission View: can create on DAG Run:data_ingestion_dag
[2025-03-29T18:19:47.494+0000] {logging_mixin.py:190} INFO - [2025-03-29T18:19:47.493+0000] {override.py:1912} INFO - Created Permission View: can read on DAG Run:data_ingestion_dag
[2025-03-29T18:19:47.502+0000] {logging_mixin.py:190} INFO - [2025-03-29T18:19:47.502+0000] {override.py:1912} INFO - Created Permission View: can delete on DAG Run:data_ingestion_dag
[2025-03-29T18:19:47.505+0000] {logging_mixin.py:190} INFO - [2025-03-29T18:19:47.505+0000] {dag.py:3239} INFO - Sync 1 DAGs
[2025-03-29T18:19:47.521+0000] {logging_mixin.py:190} INFO - [2025-03-29T18:19:47.520+0000] {dag.py:3262} INFO - Creating ORM DAG for data_ingestion_dag
[2025-03-29T18:19:47.535+0000] {logging_mixin.py:190} INFO - [2025-03-29T18:19:47.534+0000] {dag.py:4180} INFO - Setting next_dagrun for data_ingestion_dag to 2025-03-28 00:00:00+00:00, run_after=2025-03-29 00:00:00+00:00
[2025-03-29T18:19:47.565+0000] {processor.py:208} INFO - Processing /opt/airflow/dags/etl-processing.py took 0.313 seconds
[2025-03-29T18:20:18.317+0000] {processor.py:186} INFO - Started process (PID=11956) to work on /opt/airflow/dags/etl-processing.py
[2025-03-29T18:20:18.318+0000] {processor.py:914} INFO - Processing file /opt/airflow/dags/etl-processing.py for tasks to queue
[2025-03-29T18:20:18.322+0000] {logging_mixin.py:190} INFO - [2025-03-29T18:20:18.322+0000] {dagbag.py:588} INFO - Filling up the DagBag from /opt/airflow/dags/etl-processing.py
[2025-03-29T18:20:18.336+0000] {processor.py:925} INFO - DAG(s) 'data_ingestion_dag' retrieved from /opt/airflow/dags/etl-processing.py
[2025-03-29T18:20:18.349+0000] {logging_mixin.py:190} INFO - [2025-03-29T18:20:18.349+0000] {dag.py:3239} INFO - Sync 1 DAGs
[2025-03-29T18:20:18.365+0000] {logging_mixin.py:190} INFO - [2025-03-29T18:20:18.365+0000] {dag.py:4180} INFO - Setting next_dagrun for data_ingestion_dag to 2025-03-28 00:00:00+00:00, run_after=2025-03-29 00:00:00+00:00
[2025-03-29T18:20:18.379+0000] {processor.py:208} INFO - Processing /opt/airflow/dags/etl-processing.py took 0.066 seconds
[2025-03-29T18:20:48.788+0000] {processor.py:186} INFO - Started process (PID=12253) to work on /opt/airflow/dags/etl-processing.py
[2025-03-29T18:20:48.789+0000] {processor.py:914} INFO - Processing file /opt/airflow/dags/etl-processing.py for tasks to queue
[2025-03-29T18:20:48.792+0000] {logging_mixin.py:190} INFO - [2025-03-29T18:20:48.792+0000] {dagbag.py:588} INFO - Filling up the DagBag from /opt/airflow/dags/etl-processing.py
[2025-03-29T18:20:48.813+0000] {processor.py:925} INFO - DAG(s) 'data_ingestion_dag' retrieved from /opt/airflow/dags/etl-processing.py
[2025-03-29T18:20:48.832+0000] {logging_mixin.py:190} INFO - [2025-03-29T18:20:48.831+0000] {dag.py:3239} INFO - Sync 1 DAGs
[2025-03-29T18:20:48.847+0000] {logging_mixin.py:190} INFO - [2025-03-29T18:20:48.847+0000] {dag.py:4180} INFO - Setting next_dagrun for data_ingestion_dag to 2025-03-28 00:00:00+00:00, run_after=2025-03-29 00:00:00+00:00
[2025-03-29T18:20:48.863+0000] {processor.py:208} INFO - Processing /opt/airflow/dags/etl-processing.py took 0.079 seconds
[2025-03-29T18:21:19.610+0000] {processor.py:186} INFO - Started process (PID=12549) to work on /opt/airflow/dags/etl-processing.py
[2025-03-29T18:21:19.614+0000] {processor.py:914} INFO - Processing file /opt/airflow/dags/etl-processing.py for tasks to queue
[2025-03-29T18:21:19.616+0000] {logging_mixin.py:190} INFO - [2025-03-29T18:21:19.616+0000] {dagbag.py:588} INFO - Filling up the DagBag from /opt/airflow/dags/etl-processing.py
[2025-03-29T18:21:19.655+0000] {processor.py:925} INFO - DAG(s) 'data_ingestion_dag' retrieved from /opt/airflow/dags/etl-processing.py
[2025-03-29T18:21:19.668+0000] {logging_mixin.py:190} INFO - [2025-03-29T18:21:19.668+0000] {dag.py:3239} INFO - Sync 1 DAGs
[2025-03-29T18:21:19.685+0000] {logging_mixin.py:190} INFO - [2025-03-29T18:21:19.684+0000] {dag.py:4180} INFO - Setting next_dagrun for data_ingestion_dag to 2025-03-28 00:00:00+00:00, run_after=2025-03-29 00:00:00+00:00
[2025-03-29T18:21:19.708+0000] {processor.py:208} INFO - Processing /opt/airflow/dags/etl-processing.py took 0.110 seconds
[2025-03-29T18:21:49.903+0000] {processor.py:186} INFO - Started process (PID=12845) to work on /opt/airflow/dags/etl-processing.py
[2025-03-29T18:21:49.905+0000] {processor.py:914} INFO - Processing file /opt/airflow/dags/etl-processing.py for tasks to queue
[2025-03-29T18:21:49.907+0000] {logging_mixin.py:190} INFO - [2025-03-29T18:21:49.906+0000] {dagbag.py:588} INFO - Filling up the DagBag from /opt/airflow/dags/etl-processing.py
[2025-03-29T18:21:49.924+0000] {processor.py:925} INFO - DAG(s) 'data_ingestion_dag' retrieved from /opt/airflow/dags/etl-processing.py
[2025-03-29T18:21:49.936+0000] {logging_mixin.py:190} INFO - [2025-03-29T18:21:49.936+0000] {dag.py:3239} INFO - Sync 1 DAGs
[2025-03-29T18:21:49.952+0000] {logging_mixin.py:190} INFO - [2025-03-29T18:21:49.952+0000] {dag.py:4180} INFO - Setting next_dagrun for data_ingestion_dag to 2025-03-28 00:00:00+00:00, run_after=2025-03-29 00:00:00+00:00
[2025-03-29T18:21:49.966+0000] {processor.py:208} INFO - Processing /opt/airflow/dags/etl-processing.py took 0.070 seconds
[2025-03-29T18:22:20.758+0000] {processor.py:186} INFO - Started process (PID=13141) to work on /opt/airflow/dags/etl-processing.py
[2025-03-29T18:22:20.765+0000] {processor.py:914} INFO - Processing file /opt/airflow/dags/etl-processing.py for tasks to queue
[2025-03-29T18:22:20.769+0000] {logging_mixin.py:190} INFO - [2025-03-29T18:22:20.769+0000] {dagbag.py:588} INFO - Filling up the DagBag from /opt/airflow/dags/etl-processing.py
[2025-03-29T18:22:20.790+0000] {processor.py:925} INFO - DAG(s) 'data_ingestion_dag' retrieved from /opt/airflow/dags/etl-processing.py
[2025-03-29T18:22:20.804+0000] {logging_mixin.py:190} INFO - [2025-03-29T18:22:20.804+0000] {dag.py:3239} INFO - Sync 1 DAGs
[2025-03-29T18:22:20.825+0000] {logging_mixin.py:190} INFO - [2025-03-29T18:22:20.824+0000] {dag.py:4180} INFO - Setting next_dagrun for data_ingestion_dag to 2025-03-28 00:00:00+00:00, run_after=2025-03-29 00:00:00+00:00
[2025-03-29T18:22:20.840+0000] {processor.py:208} INFO - Processing /opt/airflow/dags/etl-processing.py took 0.087 seconds
[2025-03-29T18:22:51.336+0000] {processor.py:186} INFO - Started process (PID=13437) to work on /opt/airflow/dags/etl-processing.py
[2025-03-29T18:22:51.338+0000] {processor.py:914} INFO - Processing file /opt/airflow/dags/etl-processing.py for tasks to queue
[2025-03-29T18:22:51.339+0000] {logging_mixin.py:190} INFO - [2025-03-29T18:22:51.339+0000] {dagbag.py:588} INFO - Filling up the DagBag from /opt/airflow/dags/etl-processing.py
[2025-03-29T18:22:51.355+0000] {processor.py:925} INFO - DAG(s) 'data_ingestion_dag' retrieved from /opt/airflow/dags/etl-processing.py
[2025-03-29T18:22:51.368+0000] {logging_mixin.py:190} INFO - [2025-03-29T18:22:51.368+0000] {dag.py:3239} INFO - Sync 1 DAGs
[2025-03-29T18:22:51.384+0000] {logging_mixin.py:190} INFO - [2025-03-29T18:22:51.384+0000] {dag.py:4180} INFO - Setting next_dagrun for data_ingestion_dag to 2025-03-28 00:00:00+00:00, run_after=2025-03-29 00:00:00+00:00
[2025-03-29T18:22:51.401+0000] {processor.py:208} INFO - Processing /opt/airflow/dags/etl-processing.py took 0.069 seconds
[2025-03-29T18:23:21.820+0000] {processor.py:186} INFO - Started process (PID=13733) to work on /opt/airflow/dags/etl-processing.py
[2025-03-29T18:23:21.828+0000] {processor.py:914} INFO - Processing file /opt/airflow/dags/etl-processing.py for tasks to queue
[2025-03-29T18:23:21.833+0000] {logging_mixin.py:190} INFO - [2025-03-29T18:23:21.832+0000] {dagbag.py:588} INFO - Filling up the DagBag from /opt/airflow/dags/etl-processing.py
[2025-03-29T18:23:21.877+0000] {processor.py:925} INFO - DAG(s) 'data_ingestion_dag' retrieved from /opt/airflow/dags/etl-processing.py
[2025-03-29T18:23:21.899+0000] {logging_mixin.py:190} INFO - [2025-03-29T18:23:21.899+0000] {dag.py:3239} INFO - Sync 1 DAGs
[2025-03-29T18:23:21.921+0000] {logging_mixin.py:190} INFO - [2025-03-29T18:23:21.921+0000] {dag.py:4180} INFO - Setting next_dagrun for data_ingestion_dag to 2025-03-28 00:00:00+00:00, run_after=2025-03-29 00:00:00+00:00
[2025-03-29T18:23:21.939+0000] {processor.py:208} INFO - Processing /opt/airflow/dags/etl-processing.py took 0.123 seconds
[2025-03-29T18:23:52.427+0000] {processor.py:186} INFO - Started process (PID=14029) to work on /opt/airflow/dags/etl-processing.py
[2025-03-29T18:23:52.428+0000] {processor.py:914} INFO - Processing file /opt/airflow/dags/etl-processing.py for tasks to queue
[2025-03-29T18:23:52.433+0000] {logging_mixin.py:190} INFO - [2025-03-29T18:23:52.433+0000] {dagbag.py:588} INFO - Filling up the DagBag from /opt/airflow/dags/etl-processing.py
[2025-03-29T18:23:52.486+0000] {processor.py:925} INFO - DAG(s) 'data_ingestion_dag' retrieved from /opt/airflow/dags/etl-processing.py
[2025-03-29T18:23:52.500+0000] {logging_mixin.py:190} INFO - [2025-03-29T18:23:52.500+0000] {dag.py:3239} INFO - Sync 1 DAGs
[2025-03-29T18:23:52.518+0000] {logging_mixin.py:190} INFO - [2025-03-29T18:23:52.518+0000] {dag.py:4180} INFO - Setting next_dagrun for data_ingestion_dag to 2025-03-28 00:00:00+00:00, run_after=2025-03-29 00:00:00+00:00
[2025-03-29T18:23:52.535+0000] {processor.py:208} INFO - Processing /opt/airflow/dags/etl-processing.py took 0.116 seconds
[2025-03-29T18:24:22.875+0000] {processor.py:186} INFO - Started process (PID=14325) to work on /opt/airflow/dags/etl-processing.py
[2025-03-29T18:24:22.877+0000] {processor.py:914} INFO - Processing file /opt/airflow/dags/etl-processing.py for tasks to queue
[2025-03-29T18:24:22.879+0000] {logging_mixin.py:190} INFO - [2025-03-29T18:24:22.879+0000] {dagbag.py:588} INFO - Filling up the DagBag from /opt/airflow/dags/etl-processing.py
[2025-03-29T18:24:22.896+0000] {processor.py:925} INFO - DAG(s) 'data_ingestion_dag' retrieved from /opt/airflow/dags/etl-processing.py
[2025-03-29T18:24:22.908+0000] {logging_mixin.py:190} INFO - [2025-03-29T18:24:22.908+0000] {dag.py:3239} INFO - Sync 1 DAGs
[2025-03-29T18:24:22.926+0000] {logging_mixin.py:190} INFO - [2025-03-29T18:24:22.926+0000] {dag.py:4180} INFO - Setting next_dagrun for data_ingestion_dag to 2025-03-28 00:00:00+00:00, run_after=2025-03-29 00:00:00+00:00
[2025-03-29T18:24:22.941+0000] {processor.py:208} INFO - Processing /opt/airflow/dags/etl-processing.py took 0.070 seconds
[2025-03-29T18:24:53.138+0000] {processor.py:186} INFO - Started process (PID=14621) to work on /opt/airflow/dags/etl-processing.py
[2025-03-29T18:24:53.139+0000] {processor.py:914} INFO - Processing file /opt/airflow/dags/etl-processing.py for tasks to queue
[2025-03-29T18:24:53.141+0000] {logging_mixin.py:190} INFO - [2025-03-29T18:24:53.140+0000] {dagbag.py:588} INFO - Filling up the DagBag from /opt/airflow/dags/etl-processing.py
[2025-03-29T18:24:53.156+0000] {processor.py:925} INFO - DAG(s) 'data_ingestion_dag' retrieved from /opt/airflow/dags/etl-processing.py
[2025-03-29T18:24:53.168+0000] {logging_mixin.py:190} INFO - [2025-03-29T18:24:53.168+0000] {dag.py:3239} INFO - Sync 1 DAGs
[2025-03-29T18:24:53.184+0000] {logging_mixin.py:190} INFO - [2025-03-29T18:24:53.184+0000] {dag.py:4180} INFO - Setting next_dagrun for data_ingestion_dag to 2025-03-28 00:00:00+00:00, run_after=2025-03-29 00:00:00+00:00
[2025-03-29T18:24:53.198+0000] {processor.py:208} INFO - Processing /opt/airflow/dags/etl-processing.py took 0.064 seconds
[2025-03-29T18:25:23.511+0000] {processor.py:186} INFO - Started process (PID=14917) to work on /opt/airflow/dags/etl-processing.py
[2025-03-29T18:25:23.511+0000] {processor.py:914} INFO - Processing file /opt/airflow/dags/etl-processing.py for tasks to queue
[2025-03-29T18:25:23.513+0000] {logging_mixin.py:190} INFO - [2025-03-29T18:25:23.513+0000] {dagbag.py:588} INFO - Filling up the DagBag from /opt/airflow/dags/etl-processing.py
[2025-03-29T18:25:23.530+0000] {processor.py:925} INFO - DAG(s) 'data_ingestion_dag' retrieved from /opt/airflow/dags/etl-processing.py
[2025-03-29T18:25:23.543+0000] {logging_mixin.py:190} INFO - [2025-03-29T18:25:23.543+0000] {dag.py:3239} INFO - Sync 1 DAGs
[2025-03-29T18:25:23.558+0000] {logging_mixin.py:190} INFO - [2025-03-29T18:25:23.558+0000] {dag.py:4180} INFO - Setting next_dagrun for data_ingestion_dag to 2025-03-28 00:00:00+00:00, run_after=2025-03-29 00:00:00+00:00
[2025-03-29T18:25:23.573+0000] {processor.py:208} INFO - Processing /opt/airflow/dags/etl-processing.py took 0.067 seconds
[2025-03-29T18:25:53.991+0000] {processor.py:186} INFO - Started process (PID=15213) to work on /opt/airflow/dags/etl-processing.py
[2025-03-29T18:25:53.992+0000] {processor.py:914} INFO - Processing file /opt/airflow/dags/etl-processing.py for tasks to queue
[2025-03-29T18:25:53.994+0000] {logging_mixin.py:190} INFO - [2025-03-29T18:25:53.994+0000] {dagbag.py:588} INFO - Filling up the DagBag from /opt/airflow/dags/etl-processing.py
[2025-03-29T18:25:54.008+0000] {processor.py:925} INFO - DAG(s) 'data_ingestion_dag' retrieved from /opt/airflow/dags/etl-processing.py
[2025-03-29T18:25:54.019+0000] {logging_mixin.py:190} INFO - [2025-03-29T18:25:54.019+0000] {dag.py:3239} INFO - Sync 1 DAGs
[2025-03-29T18:25:54.034+0000] {logging_mixin.py:190} INFO - [2025-03-29T18:25:54.034+0000] {dag.py:4180} INFO - Setting next_dagrun for data_ingestion_dag to 2025-03-28 00:00:00+00:00, run_after=2025-03-29 00:00:00+00:00
[2025-03-29T18:25:54.049+0000] {processor.py:208} INFO - Processing /opt/airflow/dags/etl-processing.py took 0.062 seconds
[2025-03-29T18:26:24.772+0000] {processor.py:186} INFO - Started process (PID=15509) to work on /opt/airflow/dags/etl-processing.py
[2025-03-29T18:26:24.774+0000] {processor.py:914} INFO - Processing file /opt/airflow/dags/etl-processing.py for tasks to queue
[2025-03-29T18:26:24.776+0000] {logging_mixin.py:190} INFO - [2025-03-29T18:26:24.776+0000] {dagbag.py:588} INFO - Filling up the DagBag from /opt/airflow/dags/etl-processing.py
[2025-03-29T18:26:24.809+0000] {processor.py:925} INFO - DAG(s) 'data_ingestion_dag' retrieved from /opt/airflow/dags/etl-processing.py
[2025-03-29T18:26:24.822+0000] {logging_mixin.py:190} INFO - [2025-03-29T18:26:24.821+0000] {dag.py:3239} INFO - Sync 1 DAGs
[2025-03-29T18:26:24.841+0000] {logging_mixin.py:190} INFO - [2025-03-29T18:26:24.841+0000] {dag.py:4180} INFO - Setting next_dagrun for data_ingestion_dag to 2025-03-28 00:00:00+00:00, run_after=2025-03-29 00:00:00+00:00
[2025-03-29T18:26:24.864+0000] {processor.py:208} INFO - Processing /opt/airflow/dags/etl-processing.py took 0.098 seconds
[2025-03-29T18:26:55.226+0000] {processor.py:186} INFO - Started process (PID=15805) to work on /opt/airflow/dags/etl-processing.py
[2025-03-29T18:26:55.227+0000] {processor.py:914} INFO - Processing file /opt/airflow/dags/etl-processing.py for tasks to queue
[2025-03-29T18:26:55.230+0000] {logging_mixin.py:190} INFO - [2025-03-29T18:26:55.230+0000] {dagbag.py:588} INFO - Filling up the DagBag from /opt/airflow/dags/etl-processing.py
[2025-03-29T18:26:55.268+0000] {processor.py:925} INFO - DAG(s) 'data_ingestion_dag' retrieved from /opt/airflow/dags/etl-processing.py
[2025-03-29T18:26:55.282+0000] {logging_mixin.py:190} INFO - [2025-03-29T18:26:55.281+0000] {dag.py:3239} INFO - Sync 1 DAGs
[2025-03-29T18:26:55.299+0000] {logging_mixin.py:190} INFO - [2025-03-29T18:26:55.299+0000] {dag.py:4180} INFO - Setting next_dagrun for data_ingestion_dag to 2025-03-28 00:00:00+00:00, run_after=2025-03-29 00:00:00+00:00
[2025-03-29T18:26:55.314+0000] {processor.py:208} INFO - Processing /opt/airflow/dags/etl-processing.py took 0.097 seconds
[2025-03-29T18:27:25.507+0000] {processor.py:186} INFO - Started process (PID=16101) to work on /opt/airflow/dags/etl-processing.py
[2025-03-29T18:27:25.509+0000] {processor.py:914} INFO - Processing file /opt/airflow/dags/etl-processing.py for tasks to queue
[2025-03-29T18:27:25.512+0000] {logging_mixin.py:190} INFO - [2025-03-29T18:27:25.511+0000] {dagbag.py:588} INFO - Filling up the DagBag from /opt/airflow/dags/etl-processing.py
[2025-03-29T18:27:25.609+0000] {processor.py:925} INFO - DAG(s) 'data_ingestion_dag' retrieved from /opt/airflow/dags/etl-processing.py
[2025-03-29T18:27:25.658+0000] {logging_mixin.py:190} INFO - [2025-03-29T18:27:25.657+0000] {dag.py:3239} INFO - Sync 1 DAGs
[2025-03-29T18:27:25.678+0000] {logging_mixin.py:190} INFO - [2025-03-29T18:27:25.678+0000] {dag.py:4180} INFO - Setting next_dagrun for data_ingestion_dag to 2025-03-28 00:00:00+00:00, run_after=2025-03-29 00:00:00+00:00
[2025-03-29T18:27:25.699+0000] {processor.py:208} INFO - Processing /opt/airflow/dags/etl-processing.py took 0.203 seconds
[2025-03-29T18:27:55.862+0000] {processor.py:186} INFO - Started process (PID=16400) to work on /opt/airflow/dags/etl-processing.py
[2025-03-29T18:27:55.862+0000] {processor.py:914} INFO - Processing file /opt/airflow/dags/etl-processing.py for tasks to queue
[2025-03-29T18:27:55.864+0000] {logging_mixin.py:190} INFO - [2025-03-29T18:27:55.864+0000] {dagbag.py:588} INFO - Filling up the DagBag from /opt/airflow/dags/etl-processing.py
[2025-03-29T18:27:55.879+0000] {processor.py:925} INFO - DAG(s) 'data_ingestion_dag' retrieved from /opt/airflow/dags/etl-processing.py
[2025-03-29T18:27:55.893+0000] {logging_mixin.py:190} INFO - [2025-03-29T18:27:55.893+0000] {dag.py:3239} INFO - Sync 1 DAGs
[2025-03-29T18:27:55.910+0000] {logging_mixin.py:190} INFO - [2025-03-29T18:27:55.910+0000] {dag.py:4180} INFO - Setting next_dagrun for data_ingestion_dag to 2025-03-28 00:00:00+00:00, run_after=2025-03-29 00:00:00+00:00
[2025-03-29T18:27:55.926+0000] {processor.py:208} INFO - Processing /opt/airflow/dags/etl-processing.py took 0.068 seconds
[2025-03-29T23:25:52.335+0000] {processor.py:186} INFO - Started process (PID=189) to work on /opt/airflow/dags/etl-processing.py
[2025-03-29T23:25:52.336+0000] {processor.py:914} INFO - Processing file /opt/airflow/dags/etl-processing.py for tasks to queue
[2025-03-29T23:25:52.338+0000] {logging_mixin.py:190} INFO - [2025-03-29T23:25:52.338+0000] {dagbag.py:588} INFO - Filling up the DagBag from /opt/airflow/dags/etl-processing.py
[2025-03-29T23:25:52.359+0000] {processor.py:925} INFO - DAG(s) 'data_ingestion_dag' retrieved from /opt/airflow/dags/etl-processing.py
[2025-03-29T23:25:52.385+0000] {logging_mixin.py:190} INFO - [2025-03-29T23:25:52.385+0000] {dag.py:3239} INFO - Sync 1 DAGs
[2025-03-29T23:25:52.412+0000] {logging_mixin.py:190} INFO - [2025-03-29T23:25:52.412+0000] {dag.py:4180} INFO - Setting next_dagrun for data_ingestion_dag to 2025-03-28 00:00:00+00:00, run_after=2025-03-29 00:00:00+00:00
[2025-03-29T23:25:52.431+0000] {processor.py:208} INFO - Processing /opt/airflow/dags/etl-processing.py took 0.100 seconds
[2025-03-29T23:26:22.548+0000] {processor.py:186} INFO - Started process (PID=486) to work on /opt/airflow/dags/etl-processing.py
[2025-03-29T23:26:22.549+0000] {processor.py:914} INFO - Processing file /opt/airflow/dags/etl-processing.py for tasks to queue
[2025-03-29T23:26:22.552+0000] {logging_mixin.py:190} INFO - [2025-03-29T23:26:22.551+0000] {dagbag.py:588} INFO - Filling up the DagBag from /opt/airflow/dags/etl-processing.py
[2025-03-29T23:26:22.576+0000] {processor.py:925} INFO - DAG(s) 'data_ingestion_dag' retrieved from /opt/airflow/dags/etl-processing.py
[2025-03-29T23:26:22.601+0000] {logging_mixin.py:190} INFO - [2025-03-29T23:26:22.600+0000] {dag.py:3239} INFO - Sync 1 DAGs
[2025-03-29T23:26:22.624+0000] {logging_mixin.py:190} INFO - [2025-03-29T23:26:22.624+0000] {dag.py:4180} INFO - Setting next_dagrun for data_ingestion_dag to 2025-03-28 00:00:00+00:00, run_after=2025-03-29 00:00:00+00:00
[2025-03-29T23:26:22.646+0000] {processor.py:208} INFO - Processing /opt/airflow/dags/etl-processing.py took 0.104 seconds
[2025-03-29T23:26:53.114+0000] {processor.py:186} INFO - Started process (PID=782) to work on /opt/airflow/dags/etl-processing.py
[2025-03-29T23:26:53.115+0000] {processor.py:914} INFO - Processing file /opt/airflow/dags/etl-processing.py for tasks to queue
[2025-03-29T23:26:53.117+0000] {logging_mixin.py:190} INFO - [2025-03-29T23:26:53.117+0000] {dagbag.py:588} INFO - Filling up the DagBag from /opt/airflow/dags/etl-processing.py
[2025-03-29T23:26:53.133+0000] {processor.py:925} INFO - DAG(s) 'data_ingestion_dag' retrieved from /opt/airflow/dags/etl-processing.py
[2025-03-29T23:26:53.147+0000] {logging_mixin.py:190} INFO - [2025-03-29T23:26:53.146+0000] {dag.py:3239} INFO - Sync 1 DAGs
[2025-03-29T23:26:53.164+0000] {logging_mixin.py:190} INFO - [2025-03-29T23:26:53.164+0000] {dag.py:4180} INFO - Setting next_dagrun for data_ingestion_dag to 2025-03-28 00:00:00+00:00, run_after=2025-03-29 00:00:00+00:00
[2025-03-29T23:26:53.181+0000] {processor.py:208} INFO - Processing /opt/airflow/dags/etl-processing.py took 0.071 seconds
